<?xml version="1.0" encoding="UTF-8"?>
<coverage generated="1594524023309" clover="3.2.0">
  <project timestamp="1594524023309" name="All files">
    <metrics statements="233" coveredstatements="207" conditionals="147" coveredconditionals="91" methods="52" coveredmethods="47" elements="432" coveredelements="345" complexity="0" loc="233" ncloc="233" packages="2" files="6" classes="6"/>
    <package name="build">
      <metrics statements="87" coveredstatements="82" conditionals="49" coveredconditionals="35" methods="14" coveredmethods="14"/>
      <file name="byakugan.js" path="/home/austin/code/byakugan/build/byakugan.js">
        <metrics statements="77" coveredstatements="74" conditionals="32" coveredconditionals="25" methods="11" coveredmethods="11"/>
        <line num="1" count="2" type="stmt"/>
        <line num="2" count="2" type="cond" truecount="3" falsecount="1"/>
        <line num="3" count="2" type="stmt"/>
        <line num="4" count="2" type="cond" truecount="1" falsecount="1"/>
        <line num="6" count="0" type="cond" truecount="0" falsecount="4"/>
        <line num="7" count="0" type="stmt"/>
        <line num="11" count="2" type="stmt"/>
        <line num="12" count="2" type="stmt"/>
        <line num="13" count="2" type="stmt"/>
        <line num="14" count="2" type="stmt"/>
        <line num="16" count="15" type="stmt"/>
        <line num="17" count="15" type="stmt"/>
        <line num="18" count="14" type="stmt"/>
        <line num="19" count="14" type="stmt"/>
        <line num="22" count="1" type="stmt"/>
        <line num="25" count="2" type="stmt"/>
        <line num="26" count="260" type="stmt"/>
        <line num="28" count="2" type="stmt"/>
        <line num="29" count="14" type="stmt"/>
        <line num="30" count="60" type="stmt"/>
        <line num="31" count="60" type="stmt"/>
        <line num="32" count="260" type="stmt"/>
        <line num="33" count="260" type="stmt"/>
        <line num="34" count="260" type="stmt"/>
        <line num="36" count="60" type="stmt"/>
        <line num="38" count="14" type="stmt"/>
        <line num="39" count="60" type="stmt"/>
        <line num="40" count="260" type="stmt"/>
        <line num="44" count="2" type="stmt"/>
        <line num="45" count="239" type="stmt"/>
        <line num="46" count="239" type="stmt"/>
        <line num="47" count="239" type="cond" truecount="2" falsecount="0"/>
        <line num="48" count="123" type="stmt"/>
        <line num="50" count="116" type="stmt"/>
        <line num="53" count="0" type="stmt"/>
        <line num="56" count="2" type="stmt"/>
        <line num="57" count="11" type="stmt"/>
        <line num="58" count="48" type="stmt"/>
        <line num="59" count="212" type="stmt"/>
        <line num="63" count="2" type="stmt"/>
        <line num="64" count="99" type="cond" truecount="1" falsecount="1"/>
        <line num="65" count="99" type="cond" truecount="2" falsecount="0"/>
        <line num="68" count="2" type="stmt"/>
        <line num="69" count="6" type="stmt"/>
        <line num="70" count="6" type="stmt"/>
        <line num="71" count="6" type="stmt"/>
        <line num="72" count="42" type="stmt"/>
        <line num="73" count="42" type="stmt"/>
        <line num="75" count="6" type="stmt"/>
        <line num="77" count="2" type="stmt"/>
        <line num="78" count="11" type="stmt"/>
        <line num="79" count="11" type="stmt"/>
        <line num="80" count="11" type="stmt"/>
        <line num="81" count="11" type="stmt"/>
        <line num="82" count="11" type="stmt"/>
        <line num="83" count="11" type="stmt"/>
        <line num="84" count="99" type="stmt"/>
        <line num="85" count="99" type="stmt"/>
        <line num="86" count="183" type="cond" truecount="4" falsecount="0"/>
        <line num="87" count="114" type="stmt"/>
        <line num="90" count="99" type="cond" truecount="2" falsecount="0"/>
        <line num="91" count="6" type="stmt"/>
        <line num="93" count="93" type="stmt"/>
        <line num="94" count="93" type="stmt"/>
        <line num="95" count="93" type="stmt"/>
        <line num="96" count="93" type="stmt"/>
        <line num="97" count="224" type="stmt"/>
        <line num="98" count="224" type="cond" truecount="4" falsecount="0"/>
        <line num="99" count="129" type="stmt"/>
        <line num="100" count="129" type="cond" truecount="4" falsecount="0"/>
        <line num="101" count="110" type="stmt"/>
        <line num="102" count="110" type="stmt"/>
        <line num="103" count="110" type="cond" truecount="2" falsecount="0"/>
        <line num="104" count="108" type="stmt"/>
        <line num="110" count="5" type="stmt"/>
        <line num="112" count="2" type="stmt"/>
        <line num="114" count="2" type="stmt"/>
      </file>
      <file name="index.js" path="/home/austin/code/byakugan/build/index.js">
        <metrics statements="10" coveredstatements="8" conditionals="17" coveredconditionals="10" methods="3" coveredmethods="3"/>
        <line num="1" count="2" type="cond" truecount="3" falsecount="0"/>
        <line num="2" count="2" type="cond" truecount="3" falsecount="1"/>
        <line num="4" count="2" type="stmt"/>
        <line num="5" count="2" type="cond" truecount="3" falsecount="1"/>
        <line num="6" count="2" type="stmt"/>
        <line num="7" count="2" type="cond" truecount="1" falsecount="1"/>
        <line num="9" count="0" type="cond" truecount="0" falsecount="4"/>
        <line num="10" count="0" type="stmt"/>
        <line num="14" count="2" type="stmt"/>
        <line num="15" count="2" type="stmt"/>
      </file>
    </package>
    <package name="build.components">
      <metrics statements="146" coveredstatements="125" conditionals="98" coveredconditionals="56" methods="38" coveredmethods="33"/>
      <file name="errors.js" path="/home/austin/code/byakugan/build/components/errors.js">
        <metrics statements="29" coveredstatements="22" conditionals="24" coveredconditionals="9" methods="12" coveredmethods="8"/>
        <line num="1" count="2" type="cond" truecount="3" falsecount="0"/>
        <line num="2" count="2" type="stmt"/>
        <line num="3" count="2" type="cond" truecount="1" falsecount="3"/>
        <line num="4" count="0" type="stmt"/>
        <line num="5" count="0" type="cond" truecount="0" falsecount="2"/>
        <line num="6" count="2" type="stmt"/>
        <line num="8" count="2" type="stmt"/>
        <line num="9" count="2" type="stmt"/>
        <line num="10" count="2" type="stmt"/>
        <line num="11" count="2" type="cond" truecount="1" falsecount="1"/>
        <line num="14" count="2" type="stmt"/>
        <line num="15" count="2" type="cond" truecount="3" falsecount="1"/>
        <line num="16" count="2" type="stmt"/>
        <line num="17" count="2" type="cond" truecount="1" falsecount="1"/>
        <line num="19" count="0" type="cond" truecount="0" falsecount="4"/>
        <line num="20" count="0" type="stmt"/>
        <line num="24" count="2" type="stmt"/>
        <line num="25" count="2" type="stmt"/>
        <line num="26" count="2" type="stmt"/>
        <line num="27" count="2" type="stmt"/>
        <line num="29" count="0" type="cond" truecount="0" falsecount="3"/>
        <line num="31" count="2" type="stmt"/>
        <line num="32" count="1" type="stmt"/>
        <line num="33" count="1" type="stmt"/>
        <line num="35" count="2" type="stmt"/>
        <line num="36" count="0" type="stmt"/>
        <line num="37" count="0" type="stmt"/>
        <line num="39" count="2" type="stmt"/>
        <line num="41" count="2" type="stmt"/>
      </file>
      <file name="heuristics.js" path="/home/austin/code/byakugan/build/components/heuristics.js">
        <metrics statements="47" coveredstatements="38" conditionals="28" coveredconditionals="15" methods="10" coveredmethods="9"/>
        <line num="1" count="2" type="stmt"/>
        <line num="2" count="2" type="cond" truecount="3" falsecount="1"/>
        <line num="3" count="2" type="stmt"/>
        <line num="4" count="2" type="cond" truecount="1" falsecount="1"/>
        <line num="6" count="0" type="cond" truecount="0" falsecount="4"/>
        <line num="7" count="0" type="stmt"/>
        <line num="11" count="2" type="stmt"/>
        <line num="12" count="2" type="stmt"/>
        <line num="13" count="2" type="stmt"/>
        <line num="15" count="2" type="stmt"/>
        <line num="16" count="2" type="stmt"/>
        <line num="17" count="2" type="stmt"/>
        <line num="19" count="2" type="stmt"/>
        <line num="21" count="15" type="stmt"/>
        <line num="23" count="0" type="stmt"/>
        <line num="26" count="103" type="stmt"/>
        <line num="27" count="103" type="stmt"/>
        <line num="28" count="103" type="stmt"/>
        <line num="31" count="123" type="stmt"/>
        <line num="32" count="123" type="stmt"/>
        <line num="33" count="123" type="stmt"/>
        <line num="36" count="15" type="stmt"/>
        <line num="37" count="15" type="stmt"/>
        <line num="38" count="15" type="cond" truecount="2" falsecount="0"/>
        <line num="39" count="2" type="stmt"/>
        <line num="40" count="1" type="cond" truecount="1" falsecount="1"/>
        <line num="41" count="1" type="stmt"/>
        <line num="45" count="2" type="stmt"/>
        <line num="46" count="1" type="stmt"/>
        <line num="47" count="1" type="cond" truecount="1" falsecount="1"/>
        <line num="48" count="1" type="stmt"/>
        <line num="50" count="1" type="cond" truecount="1" falsecount="1"/>
        <line num="51" count="0" type="stmt"/>
        <line num="54" count="2" type="stmt"/>
        <line num="55" count="2" type="stmt"/>
        <line num="56" count="2" type="cond" truecount="2" falsecount="0"/>
        <line num="57" count="1" type="stmt"/>
        <line num="58" count="1" type="cond" truecount="1" falsecount="1"/>
        <line num="59" count="0" type="stmt"/>
        <line num="62" count="1" type="stmt"/>
        <line num="65" count="1" type="cond" truecount="1" falsecount="1"/>
        <line num="66" count="0" type="stmt"/>
        <line num="67" count="0" type="cond" truecount="0" falsecount="2"/>
        <line num="68" count="0" type="stmt"/>
        <line num="71" count="0" type="stmt"/>
        <line num="75" count="2" type="stmt"/>
        <line num="77" count="2" type="stmt"/>
      </file>
      <file name="node.js" path="/home/austin/code/byakugan/build/components/node.js">
        <metrics statements="46" coveredstatements="44" conditionals="26" coveredconditionals="19" methods="10" coveredmethods="10"/>
        <line num="1" count="2" type="stmt"/>
        <line num="2" count="2" type="cond" truecount="3" falsecount="1"/>
        <line num="3" count="2" type="stmt"/>
        <line num="4" count="2" type="cond" truecount="1" falsecount="1"/>
        <line num="6" count="0" type="cond" truecount="0" falsecount="4"/>
        <line num="7" count="0" type="stmt"/>
        <line num="11" count="2" type="stmt"/>
        <line num="12" count="2" type="stmt"/>
        <line num="13" count="2" type="stmt"/>
        <line num="15" count="260" type="stmt"/>
        <line num="16" count="260" type="stmt"/>
        <line num="17" count="260" type="stmt"/>
        <line num="18" count="260" type="stmt"/>
        <line num="19" count="260" type="stmt"/>
        <line num="20" count="260" type="stmt"/>
        <line num="21" count="260" type="stmt"/>
        <line num="22" count="260" type="stmt"/>
        <line num="23" count="260" type="cond" truecount="4" falsecount="0"/>
        <line num="25" count="2" type="stmt"/>
        <line num="26" count="260" type="stmt"/>
        <line num="27" count="1432" type="cond" truecount="1" falsecount="1"/>
        <line num="28" count="1432" type="stmt"/>
        <line num="29" count="1432" type="stmt"/>
        <line num="30" count="1432" type="cond" truecount="6" falsecount="0"/>
        <line num="32" count="1036" type="stmt"/>
        <line num="33" count="1036" type="cond" truecount="2" falsecount="0"/>
        <line num="34" count="700" type="stmt"/>
        <line num="39" count="2" type="stmt"/>
        <line num="40" count="260" type="stmt"/>
        <line num="46" count="260" type="cond" truecount="2" falsecount="0"/>
        <line num="47" count="98" type="stmt"/>
        <line num="53" count="98" type="stmt"/>
        <line num="55" count="260" type="stmt"/>
        <line num="57" count="2" type="stmt"/>
        <line num="58" count="212" type="stmt"/>
        <line num="59" count="212" type="stmt"/>
        <line num="61" count="2" type="stmt"/>
        <line num="62" count="110" type="stmt"/>
        <line num="63" count="110" type="stmt"/>
        <line num="64" count="110" type="stmt"/>
        <line num="66" count="2" type="stmt"/>
        <line num="67" count="224" type="stmt"/>
        <line num="69" count="2" type="stmt"/>
        <line num="70" count="16" type="stmt"/>
        <line num="72" count="2" type="stmt"/>
        <line num="74" count="2" type="stmt"/>
      </file>
      <file name="settings.js" path="/home/austin/code/byakugan/build/components/settings.js">
        <metrics statements="24" coveredstatements="21" conditionals="20" coveredconditionals="13" methods="6" coveredmethods="6"/>
        <line num="1" count="2" type="stmt"/>
        <line num="2" count="2" type="cond" truecount="3" falsecount="1"/>
        <line num="3" count="2" type="stmt"/>
        <line num="4" count="2" type="cond" truecount="1" falsecount="1"/>
        <line num="6" count="0" type="cond" truecount="0" falsecount="4"/>
        <line num="7" count="0" type="stmt"/>
        <line num="11" count="2" type="stmt"/>
        <line num="12" count="2" type="stmt"/>
        <line num="13" count="2" type="stmt"/>
        <line num="14" count="2" type="stmt"/>
        <line num="16" count="2" type="stmt"/>
        <line num="17" count="2" type="stmt"/>
        <line num="19" count="2" type="stmt"/>
        <line num="22" count="15" type="cond" truecount="1" falsecount="1"/>
        <line num="23" count="0" type="stmt"/>
        <line num="25" count="15" type="stmt"/>
        <line num="26" count="15" type="cond" truecount="4" falsecount="0"/>
        <line num="27" count="15" type="cond" truecount="2" falsecount="0"/>
        <line num="28" count="15" type="stmt"/>
        <line num="29" count="15" type="stmt"/>
        <line num="31" count="2" type="stmt"/>
        <line num="32" count="15" type="stmt"/>
        <line num="34" count="2" type="stmt"/>
        <line num="36" count="2" type="stmt"/>
      </file>
    </package>
  </project>
</coverage>
