{"/home/austin/code/byakugan/build/byakugan.js": {"path":"/home/austin/code/byakugan/build/byakugan.js","statementMap":{"0":{"start":{"line":1,"column":0},"end":{"line":115,"column":3}},"1":{"start":{"line":2,"column":4},"end":{"line":8,"column":5}},"2":{"start":{"line":3,"column":16},"end":{"line":3,"column":41}},"3":{"start":{"line":4,"column":8},"end":{"line":4,"column":48}},"4":{"start":{"line":4,"column":29},"end":{"line":4,"column":48}},"5":{"start":{"line":6,"column":9},"end":{"line":8,"column":5}},"6":{"start":{"line":7,"column":8},"end":{"line":7,"column":94}},"7":{"start":{"line":11,"column":4},"end":{"line":11,"column":66}},"8":{"start":{"line":12,"column":21},"end":{"line":12,"column":53}},"9":{"start":{"line":13,"column":17},"end":{"line":13,"column":45}},"10":{"start":{"line":14,"column":20},"end":{"line":113,"column":7}},"11":{"start":{"line":16,"column":12},"end":{"line":23,"column":13}},"12":{"start":{"line":17,"column":16},"end":{"line":17,"column":66}},"13":{"start":{"line":18,"column":16},"end":{"line":18,"column":31}},"14":{"start":{"line":19,"column":16},"end":{"line":19,"column":50}},"15":{"start":{"line":22,"column":16},"end":{"line":22,"column":28}},"16":{"start":{"line":25,"column":8},"end":{"line":27,"column":10}},"17":{"start":{"line":26,"column":12},"end":{"line":26,"column":38}},"18":{"start":{"line":28,"column":8},"end":{"line":43,"column":10}},"19":{"start":{"line":29,"column":12},"end":{"line":37,"column":13}},"20":{"start":{"line":29,"column":27},"end":{"line":29,"column":28}},"21":{"start":{"line":30,"column":24},"end":{"line":30,"column":26}},"22":{"start":{"line":31,"column":16},"end":{"line":35,"column":17}},"23":{"start":{"line":31,"column":31},"end":{"line":31,"column":32}},"24":{"start":{"line":32,"column":30},"end":{"line":32,"column":44}},"25":{"start":{"line":33,"column":34},"end":{"line":33,"column":166}},"26":{"start":{"line":34,"column":20},"end":{"line":34,"column":36}},"27":{"start":{"line":36,"column":16},"end":{"line":36,"column":34}},"28":{"start":{"line":38,"column":12},"end":{"line":42,"column":13}},"29":{"start":{"line":38,"column":27},"end":{"line":38,"column":28}},"30":{"start":{"line":39,"column":16},"end":{"line":41,"column":17}},"31":{"start":{"line":39,"column":31},"end":{"line":39,"column":32}},"32":{"start":{"line":40,"column":20},"end":{"line":40,"column":56}},"33":{"start":{"line":44,"column":8},"end":{"line":55,"column":10}},"34":{"start":{"line":45,"column":21},"end":{"line":45,"column":34}},"35":{"start":{"line":45,"column":47},"end":{"line":45,"column":58}},"36":{"start":{"line":45,"column":73},"end":{"line":45,"column":86}},"37":{"start":{"line":46,"column":12},"end":{"line":54,"column":13}},"38":{"start":{"line":47,"column":16},"end":{"line":49,"column":17}},"39":{"start":{"line":48,"column":20},"end":{"line":48,"column":53}},"40":{"start":{"line":50,"column":16},"end":{"line":50,"column":47}},"41":{"start":{"line":53,"column":16},"end":{"line":53,"column":28}},"42":{"start":{"line":56,"column":8},"end":{"line":62,"column":10}},"43":{"start":{"line":57,"column":12},"end":{"line":61,"column":13}},"44":{"start":{"line":57,"column":27},"end":{"line":57,"column":28}},"45":{"start":{"line":58,"column":16},"end":{"line":60,"column":17}},"46":{"start":{"line":58,"column":31},"end":{"line":58,"column":32}},"47":{"start":{"line":59,"column":20},"end":{"line":59,"column":48}},"48":{"start":{"line":63,"column":8},"end":{"line":67,"column":10}},"49":{"start":{"line":64,"column":12},"end":{"line":66,"column":13}},"50":{"start":{"line":65,"column":16},"end":{"line":65,"column":66}},"51":{"start":{"line":68,"column":8},"end":{"line":76,"column":10}},"52":{"start":{"line":69,"column":25},"end":{"line":69,"column":27}},"53":{"start":{"line":70,"column":26},"end":{"line":70,"column":29}},"54":{"start":{"line":71,"column":12},"end":{"line":74,"column":13}},"55":{"start":{"line":72,"column":16},"end":{"line":72,"column":59}},"56":{"start":{"line":73,"column":16},"end":{"line":73,"column":43}},"57":{"start":{"line":75,"column":12},"end":{"line":75,"column":26}},"58":{"start":{"line":77,"column":8},"end":{"line":111,"column":10}},"59":{"start":{"line":78,"column":12},"end":{"line":78,"column":29}},"60":{"start":{"line":79,"column":24},"end":{"line":79,"column":45}},"61":{"start":{"line":80,"column":22},"end":{"line":80,"column":43}},"62":{"start":{"line":81,"column":26},"end":{"line":81,"column":33}},"63":{"start":{"line":82,"column":27},"end":{"line":82,"column":29}},"64":{"start":{"line":83,"column":12},"end":{"line":109,"column":13}},"65":{"start":{"line":84,"column":30},"end":{"line":84,"column":34}},"66":{"start":{"line":85,"column":16},"end":{"line":89,"column":17}},"67":{"start":{"line":85,"column":29},"end":{"line":85,"column":30}},"68":{"start":{"line":86,"column":20},"end":{"line":88,"column":21}},"69":{"start":{"line":87,"column":24},"end":{"line":87,"column":45}},"70":{"start":{"line":90,"column":16},"end":{"line":92,"column":17}},"71":{"start":{"line":91,"column":20},"end":{"line":91,"column":51}},"72":{"start":{"line":93,"column":30},"end":{"line":93,"column":54}},"73":{"start":{"line":94,"column":29},"end":{"line":94,"column":58}},"74":{"start":{"line":95,"column":16},"end":{"line":95,"column":38}},"75":{"start":{"line":96,"column":16},"end":{"line":108,"column":17}},"76":{"start":{"line":96,"column":29},"end":{"line":96,"column":30}},"77":{"start":{"line":97,"column":36},"end":{"line":97,"column":57}},"78":{"start":{"line":98,"column":20},"end":{"line":107,"column":21}},"79":{"start":{"line":99,"column":36},"end":{"line":99,"column":81}},"80":{"start":{"line":100,"column":24},"end":{"line":106,"column":25}},"81":{"start":{"line":101,"column":28},"end":{"line":101,"column":88}},"82":{"start":{"line":102,"column":28},"end":{"line":102,"column":57}},"83":{"start":{"line":103,"column":28},"end":{"line":105,"column":29}},"84":{"start":{"line":104,"column":32},"end":{"line":104,"column":56}},"85":{"start":{"line":110,"column":12},"end":{"line":110,"column":22}},"86":{"start":{"line":112,"column":8},"end":{"line":112,"column":24}},"87":{"start":{"line":114,"column":4},"end":{"line":114,"column":31}}},"fnMap":{"0":{"name":"(anonymous_0)","decl":{"start":{"line":1,"column":1},"end":{"line":1,"column":2}},"loc":{"start":{"line":1,"column":20},"end":{"line":9,"column":1}},"line":1},"1":{"name":"(anonymous_1)","decl":{"start":{"line":9,"column":3},"end":{"line":9,"column":4}},"loc":{"start":{"line":9,"column":31},"end":{"line":115,"column":1}},"line":9},"2":{"name":"(anonymous_2)","decl":{"start":{"line":14,"column":20},"end":{"line":14,"column":21}},"loc":{"start":{"line":14,"column":32},"end":{"line":113,"column":5}},"line":14},"3":{"name":"Byakugan","decl":{"start":{"line":15,"column":17},"end":{"line":15,"column":25}},"loc":{"start":{"line":15,"column":36},"end":{"line":24,"column":9}},"line":15},"4":{"name":"(anonymous_4)","decl":{"start":{"line":25,"column":40},"end":{"line":25,"column":41}},"loc":{"start":{"line":25,"column":66},"end":{"line":27,"column":9}},"line":25},"5":{"name":"(anonymous_5)","decl":{"start":{"line":28,"column":43},"end":{"line":28,"column":44}},"loc":{"start":{"line":28,"column":59},"end":{"line":43,"column":9}},"line":28},"6":{"name":"(anonymous_6)","decl":{"start":{"line":44,"column":38},"end":{"line":44,"column":39}},"loc":{"start":{"line":44,"column":54},"end":{"line":55,"column":9}},"line":44},"7":{"name":"(anonymous_7)","decl":{"start":{"line":56,"column":39},"end":{"line":56,"column":40}},"loc":{"start":{"line":56,"column":51},"end":{"line":62,"column":9}},"line":56},"8":{"name":"(anonymous_8)","decl":{"start":{"line":63,"column":39},"end":{"line":63,"column":40}},"loc":{"start":{"line":63,"column":60},"end":{"line":67,"column":9}},"line":63},"9":{"name":"(anonymous_9)","decl":{"start":{"line":68,"column":39},"end":{"line":68,"column":40}},"loc":{"start":{"line":68,"column":54},"end":{"line":76,"column":9}},"line":68},"10":{"name":"(anonymous_10)","decl":{"start":{"line":77,"column":36},"end":{"line":77,"column":37}},"loc":{"start":{"line":77,"column":70},"end":{"line":111,"column":9}},"line":77}},"branchMap":{"0":{"loc":{"start":{"line":2,"column":4},"end":{"line":8,"column":5}},"type":"if","locations":[{"start":{"line":2,"column":4},"end":{"line":8,"column":5}},{"start":{"line":2,"column":4},"end":{"line":8,"column":5}}],"line":2},"1":{"loc":{"start":{"line":2,"column":8},"end":{"line":2,"column":72}},"type":"binary-expr","locations":[{"start":{"line":2,"column":8},"end":{"line":2,"column":34}},{"start":{"line":2,"column":38},"end":{"line":2,"column":72}}],"line":2},"2":{"loc":{"start":{"line":4,"column":8},"end":{"line":4,"column":48}},"type":"if","locations":[{"start":{"line":4,"column":8},"end":{"line":4,"column":48}},{"start":{"line":4,"column":8},"end":{"line":4,"column":48}}],"line":4},"3":{"loc":{"start":{"line":6,"column":9},"end":{"line":8,"column":5}},"type":"if","locations":[{"start":{"line":6,"column":9},"end":{"line":8,"column":5}},{"start":{"line":6,"column":9},"end":{"line":8,"column":5}}],"line":6},"4":{"loc":{"start":{"line":6,"column":13},"end":{"line":6,"column":55}},"type":"binary-expr","locations":[{"start":{"line":6,"column":13},"end":{"line":6,"column":41}},{"start":{"line":6,"column":45},"end":{"line":6,"column":55}}],"line":6},"5":{"loc":{"start":{"line":47,"column":16},"end":{"line":49,"column":17}},"type":"if","locations":[{"start":{"line":47,"column":16},"end":{"line":49,"column":17}},{"start":{"line":47,"column":16},"end":{"line":49,"column":17}}],"line":47},"6":{"loc":{"start":{"line":64,"column":12},"end":{"line":66,"column":13}},"type":"if","locations":[{"start":{"line":64,"column":12},"end":{"line":66,"column":13}},{"start":{"line":64,"column":12},"end":{"line":66,"column":13}}],"line":64},"7":{"loc":{"start":{"line":65,"column":23},"end":{"line":65,"column":65}},"type":"binary-expr","locations":[{"start":{"line":65,"column":23},"end":{"line":65,"column":42}},{"start":{"line":65,"column":46},"end":{"line":65,"column":65}}],"line":65},"8":{"loc":{"start":{"line":86,"column":20},"end":{"line":88,"column":21}},"type":"if","locations":[{"start":{"line":86,"column":20},"end":{"line":88,"column":21}},{"start":{"line":86,"column":20},"end":{"line":88,"column":21}}],"line":86},"9":{"loc":{"start":{"line":86,"column":24},"end":{"line":86,"column":60}},"type":"binary-expr","locations":[{"start":{"line":86,"column":24},"end":{"line":86,"column":32}},{"start":{"line":86,"column":36},"end":{"line":86,"column":60}}],"line":86},"10":{"loc":{"start":{"line":90,"column":16},"end":{"line":92,"column":17}},"type":"if","locations":[{"start":{"line":90,"column":16},"end":{"line":92,"column":17}},{"start":{"line":90,"column":16},"end":{"line":92,"column":17}}],"line":90},"11":{"loc":{"start":{"line":98,"column":20},"end":{"line":107,"column":21}},"type":"if","locations":[{"start":{"line":98,"column":20},"end":{"line":107,"column":21}},{"start":{"line":98,"column":20},"end":{"line":107,"column":21}}],"line":98},"12":{"loc":{"start":{"line":98,"column":24},"end":{"line":98,"column":79}},"type":"binary-expr","locations":[{"start":{"line":98,"column":24},"end":{"line":98,"column":46}},{"start":{"line":98,"column":50},"end":{"line":98,"column":79}}],"line":98},"13":{"loc":{"start":{"line":100,"column":24},"end":{"line":106,"column":25}},"type":"if","locations":[{"start":{"line":100,"column":24},"end":{"line":106,"column":25}},{"start":{"line":100,"column":24},"end":{"line":106,"column":25}}],"line":100},"14":{"loc":{"start":{"line":100,"column":28},"end":{"line":100,"column":79}},"type":"binary-expr","locations":[{"start":{"line":100,"column":28},"end":{"line":100,"column":56}},{"start":{"line":100,"column":60},"end":{"line":100,"column":79}}],"line":100},"15":{"loc":{"start":{"line":103,"column":28},"end":{"line":105,"column":29}},"type":"if","locations":[{"start":{"line":103,"column":28},"end":{"line":105,"column":29}},{"start":{"line":103,"column":28},"end":{"line":105,"column":29}}],"line":103}},"s":{"0":2,"1":2,"2":2,"3":2,"4":0,"5":0,"6":0,"7":2,"8":2,"9":2,"10":2,"11":15,"12":15,"13":14,"14":14,"15":1,"16":2,"17":260,"18":2,"19":14,"20":14,"21":60,"22":60,"23":60,"24":260,"25":260,"26":260,"27":60,"28":14,"29":14,"30":60,"31":60,"32":260,"33":2,"34":239,"35":239,"36":239,"37":239,"38":239,"39":123,"40":116,"41":0,"42":2,"43":11,"44":11,"45":48,"46":48,"47":212,"48":2,"49":99,"50":99,"51":2,"52":6,"53":6,"54":6,"55":42,"56":42,"57":6,"58":2,"59":11,"60":11,"61":11,"62":11,"63":11,"64":11,"65":99,"66":99,"67":99,"68":183,"69":114,"70":99,"71":6,"72":93,"73":93,"74":93,"75":93,"76":93,"77":224,"78":224,"79":129,"80":129,"81":110,"82":110,"83":110,"84":108,"85":5,"86":2,"87":2},"f":{"0":2,"1":2,"2":2,"3":15,"4":260,"5":14,"6":239,"7":11,"8":99,"9":6,"10":11},"b":{"0":[2,0],"1":[2,2],"2":[0,2],"3":[0,0],"4":[0,0],"5":[123,116],"6":[99,0],"7":[99,17],"8":[114,69],"9":[183,84],"10":[6,93],"11":[129,95],"12":[224,224],"13":[110,19],"14":[129,21],"15":[108,2]},"inputSourceMap":null,"_coverageSchema":"1a1c01bbd47fc00a2c39e90264f33305004495a9","hash":"1730a0832a6cd78285bb6b8ed2b29c3c1d177108"}
,"/home/austin/code/byakugan/build/index.js": {"path":"/home/austin/code/byakugan/build/index.js","statementMap":{"0":{"start":{"line":1,"column":22},"end":{"line":3,"column":1}},"1":{"start":{"line":2,"column":4},"end":{"line":2,"column":62}},"2":{"start":{"line":4,"column":0},"end":{"line":16,"column":3}},"3":{"start":{"line":5,"column":4},"end":{"line":11,"column":5}},"4":{"start":{"line":6,"column":16},"end":{"line":6,"column":41}},"5":{"start":{"line":7,"column":8},"end":{"line":7,"column":48}},"6":{"start":{"line":7,"column":29},"end":{"line":7,"column":48}},"7":{"start":{"line":9,"column":9},"end":{"line":11,"column":5}},"8":{"start":{"line":10,"column":8},"end":{"line":10,"column":62}},"9":{"start":{"line":14,"column":21},"end":{"line":14,"column":59}},"10":{"start":{"line":15,"column":4},"end":{"line":15,"column":30}}},"fnMap":{"0":{"name":"(anonymous_0)","decl":{"start":{"line":1,"column":56},"end":{"line":1,"column":57}},"loc":{"start":{"line":1,"column":71},"end":{"line":3,"column":1}},"line":1},"1":{"name":"(anonymous_1)","decl":{"start":{"line":4,"column":1},"end":{"line":4,"column":2}},"loc":{"start":{"line":4,"column":20},"end":{"line":12,"column":1}},"line":4},"2":{"name":"(anonymous_2)","decl":{"start":{"line":12,"column":3},"end":{"line":12,"column":4}},"loc":{"start":{"line":12,"column":31},"end":{"line":16,"column":1}},"line":12}},"branchMap":{"0":{"loc":{"start":{"line":1,"column":22},"end":{"line":3,"column":1}},"type":"binary-expr","locations":[{"start":{"line":1,"column":23},"end":{"line":1,"column":27}},{"start":{"line":1,"column":31},"end":{"line":1,"column":51}},{"start":{"line":1,"column":56},"end":{"line":3,"column":1}}],"line":1},"1":{"loc":{"start":{"line":2,"column":11},"end":{"line":2,"column":61}},"type":"cond-expr","locations":[{"start":{"line":2,"column":37},"end":{"line":2,"column":40}},{"start":{"line":2,"column":43},"end":{"line":2,"column":61}}],"line":2},"2":{"loc":{"start":{"line":2,"column":12},"end":{"line":2,"column":33}},"type":"binary-expr","locations":[{"start":{"line":2,"column":12},"end":{"line":2,"column":15}},{"start":{"line":2,"column":19},"end":{"line":2,"column":33}}],"line":2},"3":{"loc":{"start":{"line":5,"column":4},"end":{"line":11,"column":5}},"type":"if","locations":[{"start":{"line":5,"column":4},"end":{"line":11,"column":5}},{"start":{"line":5,"column":4},"end":{"line":11,"column":5}}],"line":5},"4":{"loc":{"start":{"line":5,"column":8},"end":{"line":5,"column":72}},"type":"binary-expr","locations":[{"start":{"line":5,"column":8},"end":{"line":5,"column":34}},{"start":{"line":5,"column":38},"end":{"line":5,"column":72}}],"line":5},"5":{"loc":{"start":{"line":7,"column":8},"end":{"line":7,"column":48}},"type":"if","locations":[{"start":{"line":7,"column":8},"end":{"line":7,"column":48}},{"start":{"line":7,"column":8},"end":{"line":7,"column":48}}],"line":7},"6":{"loc":{"start":{"line":9,"column":9},"end":{"line":11,"column":5}},"type":"if","locations":[{"start":{"line":9,"column":9},"end":{"line":11,"column":5}},{"start":{"line":9,"column":9},"end":{"line":11,"column":5}}],"line":9},"7":{"loc":{"start":{"line":9,"column":13},"end":{"line":9,"column":55}},"type":"binary-expr","locations":[{"start":{"line":9,"column":13},"end":{"line":9,"column":41}},{"start":{"line":9,"column":45},"end":{"line":9,"column":55}}],"line":9}},"s":{"0":2,"1":2,"2":2,"3":2,"4":2,"5":2,"6":2,"7":0,"8":0,"9":2,"10":2},"f":{"0":2,"1":2,"2":2},"b":{"0":[2,2,2],"1":[2,0],"2":[2,2],"3":[2,0],"4":[2,2],"5":[2,0],"6":[0,0],"7":[0,0]},"inputSourceMap":null,"_coverageSchema":"1a1c01bbd47fc00a2c39e90264f33305004495a9","hash":"7cdd036b4f9226cb1e5276e7ca6f19434ff5ec1a"}
,"/home/austin/code/byakugan/build/components/errors.js": {"path":"/home/austin/code/byakugan/build/components/errors.js","statementMap":{"0":{"start":{"line":1,"column":16},"end":{"line":13,"column":4}},"1":{"start":{"line":2,"column":24},"end":{"line":7,"column":5}},"2":{"start":{"line":3,"column":8},"end":{"line":5,"column":87}},"3":{"start":{"line":4,"column":69},"end":{"line":4,"column":85}},"4":{"start":{"line":5,"column":30},"end":{"line":5,"column":84}},"5":{"start":{"line":5,"column":47},"end":{"line":5,"column":84}},"6":{"start":{"line":5,"column":72},"end":{"line":5,"column":84}},"7":{"start":{"line":6,"column":8},"end":{"line":6,"column":35}},"8":{"start":{"line":8,"column":4},"end":{"line":12,"column":6}},"9":{"start":{"line":9,"column":8},"end":{"line":9,"column":28}},"10":{"start":{"line":10,"column":24},"end":{"line":10,"column":45}},"11":{"start":{"line":11,"column":8},"end":{"line":11,"column":93}},"12":{"start":{"line":14,"column":0},"end":{"line":42,"column":3}},"13":{"start":{"line":15,"column":4},"end":{"line":21,"column":5}},"14":{"start":{"line":16,"column":16},"end":{"line":16,"column":41}},"15":{"start":{"line":17,"column":8},"end":{"line":17,"column":48}},"16":{"start":{"line":17,"column":29},"end":{"line":17,"column":48}},"17":{"start":{"line":19,"column":9},"end":{"line":21,"column":5}},"18":{"start":{"line":20,"column":8},"end":{"line":20,"column":48}},"19":{"start":{"line":24,"column":4},"end":{"line":24,"column":66}},"20":{"start":{"line":25,"column":4},"end":{"line":25,"column":34}},"21":{"start":{"line":26,"column":24},"end":{"line":40,"column":12}},"22":{"start":{"line":27,"column":8},"end":{"line":27,"column":40}},"23":{"start":{"line":29,"column":12},"end":{"line":29,"column":76}},"24":{"start":{"line":31,"column":8},"end":{"line":34,"column":10}},"25":{"start":{"line":32,"column":26},"end":{"line":32,"column":103}},"26":{"start":{"line":33,"column":12},"end":{"line":33,"column":38}},"27":{"start":{"line":35,"column":8},"end":{"line":38,"column":10}},"28":{"start":{"line":36,"column":26},"end":{"line":36,"column":66}},"29":{"start":{"line":37,"column":12},"end":{"line":37,"column":38}},"30":{"start":{"line":39,"column":8},"end":{"line":39,"column":28}},"31":{"start":{"line":41,"column":4},"end":{"line":41,"column":40}}},"fnMap":{"0":{"name":"(anonymous_0)","decl":{"start":{"line":1,"column":45},"end":{"line":1,"column":46}},"loc":{"start":{"line":1,"column":57},"end":{"line":13,"column":1}},"line":1},"1":{"name":"(anonymous_1)","decl":{"start":{"line":2,"column":24},"end":{"line":2,"column":25}},"loc":{"start":{"line":2,"column":40},"end":{"line":7,"column":5}},"line":2},"2":{"name":"(anonymous_2)","decl":{"start":{"line":4,"column":51},"end":{"line":4,"column":52}},"loc":{"start":{"line":4,"column":67},"end":{"line":4,"column":87}},"line":4},"3":{"name":"(anonymous_3)","decl":{"start":{"line":5,"column":12},"end":{"line":5,"column":13}},"loc":{"start":{"line":5,"column":28},"end":{"line":5,"column":86}},"line":5},"4":{"name":"(anonymous_4)","decl":{"start":{"line":8,"column":11},"end":{"line":8,"column":12}},"loc":{"start":{"line":8,"column":27},"end":{"line":12,"column":5}},"line":8},"5":{"name":"__","decl":{"start":{"line":10,"column":17},"end":{"line":10,"column":19}},"loc":{"start":{"line":10,"column":22},"end":{"line":10,"column":47}},"line":10},"6":{"name":"(anonymous_6)","decl":{"start":{"line":14,"column":1},"end":{"line":14,"column":2}},"loc":{"start":{"line":14,"column":20},"end":{"line":22,"column":1}},"line":14},"7":{"name":"(anonymous_7)","decl":{"start":{"line":22,"column":3},"end":{"line":22,"column":4}},"loc":{"start":{"line":22,"column":31},"end":{"line":42,"column":1}},"line":22},"8":{"name":"(anonymous_8)","decl":{"start":{"line":26,"column":24},"end":{"line":26,"column":25}},"loc":{"start":{"line":26,"column":42},"end":{"line":40,"column":5}},"line":26},"9":{"name":"ErrorMessage","decl":{"start":{"line":28,"column":17},"end":{"line":28,"column":29}},"loc":{"start":{"line":28,"column":32},"end":{"line":30,"column":9}},"line":28},"10":{"name":"(anonymous_10)","decl":{"start":{"line":31,"column":33},"end":{"line":31,"column":34}},"loc":{"start":{"line":31,"column":49},"end":{"line":34,"column":9}},"line":31},"11":{"name":"(anonymous_11)","decl":{"start":{"line":35,"column":39},"end":{"line":35,"column":40}},"loc":{"start":{"line":35,"column":51},"end":{"line":38,"column":9}},"line":35}},"branchMap":{"0":{"loc":{"start":{"line":1,"column":16},"end":{"line":13,"column":4}},"type":"binary-expr","locations":[{"start":{"line":1,"column":17},"end":{"line":1,"column":21}},{"start":{"line":1,"column":25},"end":{"line":1,"column":39}},{"start":{"line":1,"column":44},"end":{"line":13,"column":4}}],"line":1},"1":{"loc":{"start":{"line":3,"column":24},"end":{"line":5,"column":86}},"type":"binary-expr","locations":[{"start":{"line":3,"column":24},"end":{"line":3,"column":45}},{"start":{"line":4,"column":13},"end":{"line":4,"column":47}},{"start":{"line":4,"column":51},"end":{"line":4,"column":87}},{"start":{"line":5,"column":12},"end":{"line":5,"column":86}}],"line":3},"2":{"loc":{"start":{"line":5,"column":47},"end":{"line":5,"column":84}},"type":"if","locations":[{"start":{"line":5,"column":47},"end":{"line":5,"column":84}},{"start":{"line":5,"column":47},"end":{"line":5,"column":84}}],"line":5},"3":{"loc":{"start":{"line":11,"column":22},"end":{"line":11,"column":92}},"type":"cond-expr","locations":[{"start":{"line":11,"column":35},"end":{"line":11,"column":51}},{"start":{"line":11,"column":55},"end":{"line":11,"column":91}}],"line":11},"4":{"loc":{"start":{"line":15,"column":4},"end":{"line":21,"column":5}},"type":"if","locations":[{"start":{"line":15,"column":4},"end":{"line":21,"column":5}},{"start":{"line":15,"column":4},"end":{"line":21,"column":5}}],"line":15},"5":{"loc":{"start":{"line":15,"column":8},"end":{"line":15,"column":72}},"type":"binary-expr","locations":[{"start":{"line":15,"column":8},"end":{"line":15,"column":34}},{"start":{"line":15,"column":38},"end":{"line":15,"column":72}}],"line":15},"6":{"loc":{"start":{"line":17,"column":8},"end":{"line":17,"column":48}},"type":"if","locations":[{"start":{"line":17,"column":8},"end":{"line":17,"column":48}},{"start":{"line":17,"column":8},"end":{"line":17,"column":48}}],"line":17},"7":{"loc":{"start":{"line":19,"column":9},"end":{"line":21,"column":5}},"type":"if","locations":[{"start":{"line":19,"column":9},"end":{"line":21,"column":5}},{"start":{"line":19,"column":9},"end":{"line":21,"column":5}}],"line":19},"8":{"loc":{"start":{"line":19,"column":13},"end":{"line":19,"column":55}},"type":"binary-expr","locations":[{"start":{"line":19,"column":13},"end":{"line":19,"column":41}},{"start":{"line":19,"column":45},"end":{"line":19,"column":55}}],"line":19},"9":{"loc":{"start":{"line":29,"column":19},"end":{"line":29,"column":75}},"type":"binary-expr","locations":[{"start":{"line":29,"column":19},"end":{"line":29,"column":34}},{"start":{"line":29,"column":38},"end":{"line":29,"column":67}},{"start":{"line":29,"column":71},"end":{"line":29,"column":75}}],"line":29}},"s":{"0":2,"1":2,"2":2,"3":0,"4":0,"5":0,"6":0,"7":2,"8":2,"9":2,"10":2,"11":2,"12":2,"13":2,"14":2,"15":2,"16":0,"17":0,"18":0,"19":2,"20":2,"21":2,"22":2,"23":0,"24":2,"25":1,"26":1,"27":2,"28":0,"29":0,"30":2,"31":2},"f":{"0":2,"1":2,"2":0,"3":0,"4":2,"5":2,"6":2,"7":2,"8":2,"9":0,"10":1,"11":0},"b":{"0":[2,2,2],"1":[2,0,0,0],"2":[0,0],"3":[0,2],"4":[2,0],"5":[2,2],"6":[0,2],"7":[0,0],"8":[0,0],"9":[0,0,0]},"inputSourceMap":null,"_coverageSchema":"1a1c01bbd47fc00a2c39e90264f33305004495a9","hash":"94e9f310249b4a3deaabe6d8afdd2bc46acb86b0"}
,"/home/austin/code/byakugan/build/components/heuristics.js": {"path":"/home/austin/code/byakugan/build/components/heuristics.js","statementMap":{"0":{"start":{"line":1,"column":0},"end":{"line":78,"column":3}},"1":{"start":{"line":2,"column":4},"end":{"line":8,"column":5}},"2":{"start":{"line":3,"column":16},"end":{"line":3,"column":41}},"3":{"start":{"line":4,"column":8},"end":{"line":4,"column":48}},"4":{"start":{"line":4,"column":29},"end":{"line":4,"column":48}},"5":{"start":{"line":6,"column":9},"end":{"line":8,"column":5}},"6":{"start":{"line":7,"column":8},"end":{"line":7,"column":60}},"7":{"start":{"line":11,"column":4},"end":{"line":11,"column":66}},"8":{"start":{"line":12,"column":4},"end":{"line":12,"column":32}},"9":{"start":{"line":13,"column":19},"end":{"line":13,"column":38}},"10":{"start":{"line":15,"column":4},"end":{"line":18,"column":52}},"11":{"start":{"line":16,"column":8},"end":{"line":16,"column":49}},"12":{"start":{"line":17,"column":8},"end":{"line":17,"column":48}},"13":{"start":{"line":19,"column":22},"end":{"line":76,"column":7}},"14":{"start":{"line":21,"column":12},"end":{"line":35,"column":14}},"15":{"start":{"line":23,"column":20},"end":{"line":23,"column":61}},"16":{"start":{"line":26,"column":29},"end":{"line":26,"column":52}},"17":{"start":{"line":27,"column":29},"end":{"line":27,"column":52}},"18":{"start":{"line":28,"column":20},"end":{"line":28,"column":35}},"19":{"start":{"line":31,"column":29},"end":{"line":31,"column":52}},"20":{"start":{"line":32,"column":29},"end":{"line":32,"column":52}},"21":{"start":{"line":33,"column":20},"end":{"line":33,"column":77}},"22":{"start":{"line":36,"column":12},"end":{"line":36,"column":66}},"23":{"start":{"line":37,"column":12},"end":{"line":37,"column":70}},"24":{"start":{"line":38,"column":12},"end":{"line":43,"column":13}},"25":{"start":{"line":39,"column":16},"end":{"line":39,"column":46}},"26":{"start":{"line":40,"column":16},"end":{"line":42,"column":17}},"27":{"start":{"line":41,"column":20},"end":{"line":41,"column":59}},"28":{"start":{"line":45,"column":8},"end":{"line":53,"column":10}},"29":{"start":{"line":46,"column":25},"end":{"line":46,"column":40}},"30":{"start":{"line":46,"column":53},"end":{"line":46,"column":70}},"31":{"start":{"line":47,"column":12},"end":{"line":49,"column":13}},"32":{"start":{"line":48,"column":16},"end":{"line":48,"column":37}},"33":{"start":{"line":50,"column":12},"end":{"line":52,"column":13}},"34":{"start":{"line":51,"column":16},"end":{"line":51,"column":41}},"35":{"start":{"line":54,"column":8},"end":{"line":74,"column":10}},"36":{"start":{"line":55,"column":25},"end":{"line":55,"column":42}},"37":{"start":{"line":55,"column":55},"end":{"line":55,"column":74}},"38":{"start":{"line":56,"column":12},"end":{"line":64,"column":13}},"39":{"start":{"line":57,"column":16},"end":{"line":57,"column":46}},"40":{"start":{"line":58,"column":16},"end":{"line":63,"column":17}},"41":{"start":{"line":59,"column":20},"end":{"line":59,"column":57}},"42":{"start":{"line":62,"column":20},"end":{"line":62,"column":66}},"43":{"start":{"line":65,"column":12},"end":{"line":73,"column":13}},"44":{"start":{"line":66,"column":16},"end":{"line":66,"column":50}},"45":{"start":{"line":67,"column":16},"end":{"line":72,"column":17}},"46":{"start":{"line":68,"column":20},"end":{"line":68,"column":61}},"47":{"start":{"line":71,"column":20},"end":{"line":71,"column":68}},"48":{"start":{"line":75,"column":8},"end":{"line":75,"column":26}},"49":{"start":{"line":77,"column":4},"end":{"line":77,"column":36}}},"fnMap":{"0":{"name":"(anonymous_0)","decl":{"start":{"line":1,"column":1},"end":{"line":1,"column":2}},"loc":{"start":{"line":1,"column":20},"end":{"line":9,"column":1}},"line":1},"1":{"name":"(anonymous_1)","decl":{"start":{"line":9,"column":3},"end":{"line":9,"column":4}},"loc":{"start":{"line":9,"column":31},"end":{"line":78,"column":1}},"line":9},"2":{"name":"(anonymous_2)","decl":{"start":{"line":15,"column":5},"end":{"line":15,"column":6}},"loc":{"start":{"line":15,"column":33},"end":{"line":18,"column":5}},"line":15},"3":{"name":"(anonymous_3)","decl":{"start":{"line":19,"column":22},"end":{"line":19,"column":23}},"loc":{"start":{"line":19,"column":34},"end":{"line":76,"column":5}},"line":19},"4":{"name":"Heuristics","decl":{"start":{"line":20,"column":17},"end":{"line":20,"column":27}},"loc":{"start":{"line":20,"column":40},"end":{"line":44,"column":9}},"line":20},"5":{"name":"(anonymous_5)","decl":{"start":{"line":22,"column":27},"end":{"line":22,"column":28}},"loc":{"start":{"line":22,"column":43},"end":{"line":24,"column":17}},"line":22},"6":{"name":"(anonymous_6)","decl":{"start":{"line":25,"column":27},"end":{"line":25,"column":28}},"loc":{"start":{"line":25,"column":43},"end":{"line":29,"column":17}},"line":25},"7":{"name":"(anonymous_7)","decl":{"start":{"line":30,"column":24},"end":{"line":30,"column":25}},"loc":{"start":{"line":30,"column":40},"end":{"line":34,"column":17}},"line":30},"8":{"name":"(anonymous_8)","decl":{"start":{"line":45,"column":44},"end":{"line":45,"column":45}},"loc":{"start":{"line":45,"column":64},"end":{"line":53,"column":9}},"line":45},"9":{"name":"(anonymous_9)","decl":{"start":{"line":54,"column":44},"end":{"line":54,"column":45}},"loc":{"start":{"line":54,"column":66},"end":{"line":74,"column":9}},"line":54}},"branchMap":{"0":{"loc":{"start":{"line":2,"column":4},"end":{"line":8,"column":5}},"type":"if","locations":[{"start":{"line":2,"column":4},"end":{"line":8,"column":5}},{"start":{"line":2,"column":4},"end":{"line":8,"column":5}}],"line":2},"1":{"loc":{"start":{"line":2,"column":8},"end":{"line":2,"column":72}},"type":"binary-expr","locations":[{"start":{"line":2,"column":8},"end":{"line":2,"column":34}},{"start":{"line":2,"column":38},"end":{"line":2,"column":72}}],"line":2},"2":{"loc":{"start":{"line":4,"column":8},"end":{"line":4,"column":48}},"type":"if","locations":[{"start":{"line":4,"column":8},"end":{"line":4,"column":48}},{"start":{"line":4,"column":8},"end":{"line":4,"column":48}}],"line":4},"3":{"loc":{"start":{"line":6,"column":9},"end":{"line":8,"column":5}},"type":"if","locations":[{"start":{"line":6,"column":9},"end":{"line":8,"column":5}},{"start":{"line":6,"column":9},"end":{"line":8,"column":5}}],"line":6},"4":{"loc":{"start":{"line":6,"column":13},"end":{"line":6,"column":55}},"type":"binary-expr","locations":[{"start":{"line":6,"column":13},"end":{"line":6,"column":41}},{"start":{"line":6,"column":45},"end":{"line":6,"column":55}}],"line":6},"5":{"loc":{"start":{"line":18,"column":7},"end":{"line":18,"column":50}},"type":"binary-expr","locations":[{"start":{"line":18,"column":7},"end":{"line":18,"column":23}},{"start":{"line":18,"column":28},"end":{"line":18,"column":49}}],"line":18},"6":{"loc":{"start":{"line":38,"column":12},"end":{"line":43,"column":13}},"type":"if","locations":[{"start":{"line":38,"column":12},"end":{"line":43,"column":13}},{"start":{"line":38,"column":12},"end":{"line":43,"column":13}}],"line":38},"7":{"loc":{"start":{"line":40,"column":16},"end":{"line":42,"column":17}},"type":"if","locations":[{"start":{"line":40,"column":16},"end":{"line":42,"column":17}},{"start":{"line":40,"column":16},"end":{"line":42,"column":17}}],"line":40},"8":{"loc":{"start":{"line":47,"column":12},"end":{"line":49,"column":13}},"type":"if","locations":[{"start":{"line":47,"column":12},"end":{"line":49,"column":13}},{"start":{"line":47,"column":12},"end":{"line":49,"column":13}}],"line":47},"9":{"loc":{"start":{"line":50,"column":12},"end":{"line":52,"column":13}},"type":"if","locations":[{"start":{"line":50,"column":12},"end":{"line":52,"column":13}},{"start":{"line":50,"column":12},"end":{"line":52,"column":13}}],"line":50},"10":{"loc":{"start":{"line":56,"column":12},"end":{"line":64,"column":13}},"type":"if","locations":[{"start":{"line":56,"column":12},"end":{"line":64,"column":13}},{"start":{"line":56,"column":12},"end":{"line":64,"column":13}}],"line":56},"11":{"loc":{"start":{"line":58,"column":16},"end":{"line":63,"column":17}},"type":"if","locations":[{"start":{"line":58,"column":16},"end":{"line":63,"column":17}},{"start":{"line":58,"column":16},"end":{"line":63,"column":17}}],"line":58},"12":{"loc":{"start":{"line":65,"column":12},"end":{"line":73,"column":13}},"type":"if","locations":[{"start":{"line":65,"column":12},"end":{"line":73,"column":13}},{"start":{"line":65,"column":12},"end":{"line":73,"column":13}}],"line":65},"13":{"loc":{"start":{"line":67,"column":16},"end":{"line":72,"column":17}},"type":"if","locations":[{"start":{"line":67,"column":16},"end":{"line":72,"column":17}},{"start":{"line":67,"column":16},"end":{"line":72,"column":17}}],"line":67}},"s":{"0":2,"1":2,"2":2,"3":2,"4":0,"5":0,"6":0,"7":2,"8":2,"9":2,"10":2,"11":2,"12":2,"13":2,"14":15,"15":0,"16":103,"17":103,"18":103,"19":123,"20":123,"21":123,"22":15,"23":15,"24":15,"25":2,"26":1,"27":1,"28":2,"29":1,"30":1,"31":1,"32":1,"33":1,"34":0,"35":2,"36":2,"37":2,"38":2,"39":1,"40":1,"41":0,"42":1,"43":1,"44":0,"45":0,"46":0,"47":0,"48":2,"49":2},"f":{"0":2,"1":2,"2":2,"3":2,"4":15,"5":0,"6":103,"7":123,"8":1,"9":2},"b":{"0":[2,0],"1":[2,2],"2":[0,2],"3":[0,0],"4":[0,0],"5":[2,2],"6":[2,13],"7":[1,0],"8":[1,0],"9":[0,1],"10":[1,1],"11":[0,1],"12":[0,1],"13":[0,0]},"inputSourceMap":null,"_coverageSchema":"1a1c01bbd47fc00a2c39e90264f33305004495a9","hash":"a03b06972f6c313eed7a60548b7b09e2da87ab6d"}
,"/home/austin/code/byakugan/build/components/node.js": {"path":"/home/austin/code/byakugan/build/components/node.js","statementMap":{"0":{"start":{"line":1,"column":0},"end":{"line":75,"column":3}},"1":{"start":{"line":2,"column":4},"end":{"line":8,"column":5}},"2":{"start":{"line":3,"column":16},"end":{"line":3,"column":41}},"3":{"start":{"line":4,"column":8},"end":{"line":4,"column":48}},"4":{"start":{"line":4,"column":29},"end":{"line":4,"column":48}},"5":{"start":{"line":6,"column":9},"end":{"line":8,"column":5}},"6":{"start":{"line":7,"column":8},"end":{"line":7,"column":48}},"7":{"start":{"line":11,"column":4},"end":{"line":11,"column":66}},"8":{"start":{"line":12,"column":4},"end":{"line":12,"column":26}},"9":{"start":{"line":13,"column":16},"end":{"line":73,"column":7}},"10":{"start":{"line":15,"column":12},"end":{"line":15,"column":27}},"11":{"start":{"line":16,"column":12},"end":{"line":16,"column":27}},"12":{"start":{"line":17,"column":12},"end":{"line":17,"column":29}},"13":{"start":{"line":18,"column":12},"end":{"line":18,"column":37}},"14":{"start":{"line":19,"column":12},"end":{"line":19,"column":37}},"15":{"start":{"line":20,"column":12},"end":{"line":20,"column":33}},"16":{"start":{"line":21,"column":12},"end":{"line":21,"column":33}},"17":{"start":{"line":22,"column":12},"end":{"line":22,"column":41}},"18":{"start":{"line":23,"column":12},"end":{"line":23,"column":106}},"19":{"start":{"line":25,"column":8},"end":{"line":38,"column":10}},"20":{"start":{"line":26,"column":12},"end":{"line":37,"column":13}},"21":{"start":{"line":27,"column":16},"end":{"line":36,"column":17}},"22":{"start":{"line":28,"column":33},"end":{"line":28,"column":46}},"23":{"start":{"line":29,"column":28},"end":{"line":29,"column":80}},"24":{"start":{"line":30,"column":20},"end":{"line":35,"column":21}},"25":{"start":{"line":32,"column":40},"end":{"line":32,"column":59}},"26":{"start":{"line":33,"column":24},"end":{"line":34,"column":60}},"27":{"start":{"line":34,"column":28},"end":{"line":34,"column":60}},"28":{"start":{"line":39,"column":8},"end":{"line":56,"column":10}},"29":{"start":{"line":40,"column":29},"end":{"line":45,"column":13}},"30":{"start":{"line":46,"column":12},"end":{"line":54,"column":13}},"31":{"start":{"line":47,"column":41},"end":{"line":52,"column":17}},"32":{"start":{"line":53,"column":16},"end":{"line":53,"column":67}},"33":{"start":{"line":55,"column":12},"end":{"line":55,"column":57}},"34":{"start":{"line":57,"column":8},"end":{"line":60,"column":10}},"35":{"start":{"line":58,"column":12},"end":{"line":58,"column":41}},"36":{"start":{"line":59,"column":12},"end":{"line":59,"column":33}},"37":{"start":{"line":61,"column":8},"end":{"line":65,"column":10}},"38":{"start":{"line":62,"column":12},"end":{"line":62,"column":23}},"39":{"start":{"line":63,"column":12},"end":{"line":63,"column":23}},"40":{"start":{"line":64,"column":12},"end":{"line":64,"column":27}},"41":{"start":{"line":66,"column":8},"end":{"line":68,"column":10}},"42":{"start":{"line":67,"column":12},"end":{"line":67,"column":33}},"43":{"start":{"line":69,"column":8},"end":{"line":71,"column":10}},"44":{"start":{"line":70,"column":12},"end":{"line":70,"column":77}},"45":{"start":{"line":72,"column":8},"end":{"line":72,"column":20}},"46":{"start":{"line":74,"column":4},"end":{"line":74,"column":24}}},"fnMap":{"0":{"name":"(anonymous_0)","decl":{"start":{"line":1,"column":1},"end":{"line":1,"column":2}},"loc":{"start":{"line":1,"column":20},"end":{"line":9,"column":1}},"line":1},"1":{"name":"(anonymous_1)","decl":{"start":{"line":9,"column":3},"end":{"line":9,"column":4}},"loc":{"start":{"line":9,"column":31},"end":{"line":75,"column":1}},"line":9},"2":{"name":"(anonymous_2)","decl":{"start":{"line":13,"column":16},"end":{"line":13,"column":17}},"loc":{"start":{"line":13,"column":28},"end":{"line":73,"column":5}},"line":13},"3":{"name":"Node","decl":{"start":{"line":14,"column":17},"end":{"line":14,"column":21}},"loc":{"start":{"line":14,"column":69},"end":{"line":24,"column":9}},"line":14},"4":{"name":"(anonymous_4)","decl":{"start":{"line":25,"column":53},"end":{"line":25,"column":54}},"loc":{"start":{"line":25,"column":75},"end":{"line":38,"column":9}},"line":25},"5":{"name":"(anonymous_5)","decl":{"start":{"line":39,"column":39},"end":{"line":39,"column":40}},"loc":{"start":{"line":39,"column":51},"end":{"line":56,"column":9}},"line":39},"6":{"name":"(anonymous_6)","decl":{"start":{"line":57,"column":31},"end":{"line":57,"column":32}},"loc":{"start":{"line":57,"column":43},"end":{"line":60,"column":9}},"line":57},"7":{"name":"(anonymous_7)","decl":{"start":{"line":61,"column":37},"end":{"line":61,"column":38}},"loc":{"start":{"line":61,"column":53},"end":{"line":65,"column":9}},"line":61},"8":{"name":"(anonymous_8)","decl":{"start":{"line":66,"column":36},"end":{"line":66,"column":37}},"loc":{"start":{"line":66,"column":48},"end":{"line":68,"column":9}},"line":66},"9":{"name":"(anonymous_9)","decl":{"start":{"line":69,"column":29},"end":{"line":69,"column":30}},"loc":{"start":{"line":69,"column":41},"end":{"line":71,"column":9}},"line":69}},"branchMap":{"0":{"loc":{"start":{"line":2,"column":4},"end":{"line":8,"column":5}},"type":"if","locations":[{"start":{"line":2,"column":4},"end":{"line":8,"column":5}},{"start":{"line":2,"column":4},"end":{"line":8,"column":5}}],"line":2},"1":{"loc":{"start":{"line":2,"column":8},"end":{"line":2,"column":72}},"type":"binary-expr","locations":[{"start":{"line":2,"column":8},"end":{"line":2,"column":34}},{"start":{"line":2,"column":38},"end":{"line":2,"column":72}}],"line":2},"2":{"loc":{"start":{"line":4,"column":8},"end":{"line":4,"column":48}},"type":"if","locations":[{"start":{"line":4,"column":8},"end":{"line":4,"column":48}},{"start":{"line":4,"column":8},"end":{"line":4,"column":48}}],"line":4},"3":{"loc":{"start":{"line":6,"column":9},"end":{"line":8,"column":5}},"type":"if","locations":[{"start":{"line":6,"column":9},"end":{"line":8,"column":5}},{"start":{"line":6,"column":9},"end":{"line":8,"column":5}}],"line":6},"4":{"loc":{"start":{"line":6,"column":13},"end":{"line":6,"column":55}},"type":"binary-expr","locations":[{"start":{"line":6,"column":13},"end":{"line":6,"column":41}},{"start":{"line":6,"column":45},"end":{"line":6,"column":55}}],"line":6},"5":{"loc":{"start":{"line":23,"column":12},"end":{"line":23,"column":105}},"type":"cond-expr","locations":[{"start":{"line":23,"column":57},"end":{"line":23,"column":63}},{"start":{"line":23,"column":66},"end":{"line":23,"column":105}}],"line":23},"6":{"loc":{"start":{"line":23,"column":12},"end":{"line":23,"column":54}},"type":"binary-expr","locations":[{"start":{"line":23,"column":12},"end":{"line":23,"column":30}},{"start":{"line":23,"column":34},"end":{"line":23,"column":54}}],"line":23},"7":{"loc":{"start":{"line":27,"column":16},"end":{"line":36,"column":17}},"type":"if","locations":[{"start":{"line":27,"column":16},"end":{"line":36,"column":17}},{"start":{"line":27,"column":16},"end":{"line":36,"column":17}}],"line":27},"8":{"loc":{"start":{"line":30,"column":20},"end":{"line":35,"column":21}},"type":"if","locations":[{"start":{"line":30,"column":20},"end":{"line":35,"column":21}},{"start":{"line":30,"column":20},"end":{"line":35,"column":21}}],"line":30},"9":{"loc":{"start":{"line":30,"column":24},"end":{"line":31,"column":63}},"type":"binary-expr","locations":[{"start":{"line":30,"column":25},"end":{"line":30,"column":33}},{"start":{"line":30,"column":37},"end":{"line":30,"column":59}},{"start":{"line":31,"column":25},"end":{"line":31,"column":33}},{"start":{"line":31,"column":37},"end":{"line":31,"column":62}}],"line":30},"10":{"loc":{"start":{"line":33,"column":24},"end":{"line":34,"column":60}},"type":"if","locations":[{"start":{"line":33,"column":24},"end":{"line":34,"column":60}},{"start":{"line":33,"column":24},"end":{"line":34,"column":60}}],"line":33},"11":{"loc":{"start":{"line":46,"column":12},"end":{"line":54,"column":13}},"type":"if","locations":[{"start":{"line":46,"column":12},"end":{"line":54,"column":13}},{"start":{"line":46,"column":12},"end":{"line":54,"column":13}}],"line":46}},"s":{"0":2,"1":2,"2":2,"3":2,"4":0,"5":0,"6":0,"7":2,"8":2,"9":2,"10":260,"11":260,"12":260,"13":260,"14":260,"15":260,"16":260,"17":260,"18":260,"19":2,"20":260,"21":1432,"22":1432,"23":1432,"24":1432,"25":1036,"26":1036,"27":700,"28":2,"29":260,"30":260,"31":98,"32":98,"33":260,"34":2,"35":212,"36":212,"37":2,"38":110,"39":110,"40":110,"41":2,"42":224,"43":2,"44":16,"45":2,"46":2},"f":{"0":2,"1":2,"2":2,"3":260,"4":260,"5":260,"6":212,"7":110,"8":224,"9":16},"b":{"0":[2,0],"1":[2,2],"2":[0,2],"3":[0,0],"4":[0,0],"5":[244,16],"6":[260,260],"7":[1432,0],"8":[1036,396],"9":[1432,1328,1224,1130],"10":[700,336],"11":[98,162]},"inputSourceMap":null,"_coverageSchema":"1a1c01bbd47fc00a2c39e90264f33305004495a9","hash":"fdab5b2b98309c21ce4246ea4a3af952da257848"}
,"/home/austin/code/byakugan/build/components/settings.js": {"path":"/home/austin/code/byakugan/build/components/settings.js","statementMap":{"0":{"start":{"line":1,"column":0},"end":{"line":37,"column":3}},"1":{"start":{"line":2,"column":4},"end":{"line":8,"column":5}},"2":{"start":{"line":3,"column":16},"end":{"line":3,"column":41}},"3":{"start":{"line":4,"column":8},"end":{"line":4,"column":48}},"4":{"start":{"line":4,"column":29},"end":{"line":4,"column":48}},"5":{"start":{"line":6,"column":9},"end":{"line":8,"column":5}},"6":{"start":{"line":7,"column":8},"end":{"line":7,"column":76}},"7":{"start":{"line":11,"column":4},"end":{"line":11,"column":66}},"8":{"start":{"line":12,"column":4},"end":{"line":12,"column":30}},"9":{"start":{"line":13,"column":23},"end":{"line":13,"column":46}},"10":{"start":{"line":14,"column":19},"end":{"line":14,"column":38}},"11":{"start":{"line":16,"column":4},"end":{"line":18,"column":42}},"12":{"start":{"line":17,"column":8},"end":{"line":17,"column":62}},"13":{"start":{"line":19,"column":20},"end":{"line":35,"column":7}},"14":{"start":{"line":22,"column":12},"end":{"line":24,"column":13}},"15":{"start":{"line":23,"column":16},"end":{"line":23,"column":62}},"16":{"start":{"line":25,"column":12},"end":{"line":25,"column":38}},"17":{"start":{"line":26,"column":12},"end":{"line":26,"column":92}},"18":{"start":{"line":27,"column":12},"end":{"line":27,"column":83}},"19":{"start":{"line":28,"column":12},"end":{"line":28,"column":48}},"20":{"start":{"line":29,"column":12},"end":{"line":29,"column":52}},"21":{"start":{"line":31,"column":8},"end":{"line":33,"column":10}},"22":{"start":{"line":32,"column":12},"end":{"line":32,"column":70}},"23":{"start":{"line":34,"column":8},"end":{"line":34,"column":24}},"24":{"start":{"line":36,"column":4},"end":{"line":36,"column":32}}},"fnMap":{"0":{"name":"(anonymous_0)","decl":{"start":{"line":1,"column":1},"end":{"line":1,"column":2}},"loc":{"start":{"line":1,"column":20},"end":{"line":9,"column":1}},"line":1},"1":{"name":"(anonymous_1)","decl":{"start":{"line":9,"column":3},"end":{"line":9,"column":4}},"loc":{"start":{"line":9,"column":31},"end":{"line":37,"column":1}},"line":9},"2":{"name":"(anonymous_2)","decl":{"start":{"line":16,"column":5},"end":{"line":16,"column":6}},"loc":{"start":{"line":16,"column":28},"end":{"line":18,"column":5}},"line":16},"3":{"name":"(anonymous_3)","decl":{"start":{"line":19,"column":20},"end":{"line":19,"column":21}},"loc":{"start":{"line":19,"column":32},"end":{"line":35,"column":5}},"line":19},"4":{"name":"Settings","decl":{"start":{"line":20,"column":17},"end":{"line":20,"column":25}},"loc":{"start":{"line":20,"column":36},"end":{"line":30,"column":9}},"line":20},"5":{"name":"(anonymous_5)","decl":{"start":{"line":31,"column":43},"end":{"line":31,"column":44}},"loc":{"start":{"line":31,"column":65},"end":{"line":33,"column":9}},"line":31}},"branchMap":{"0":{"loc":{"start":{"line":2,"column":4},"end":{"line":8,"column":5}},"type":"if","locations":[{"start":{"line":2,"column":4},"end":{"line":8,"column":5}},{"start":{"line":2,"column":4},"end":{"line":8,"column":5}}],"line":2},"1":{"loc":{"start":{"line":2,"column":8},"end":{"line":2,"column":72}},"type":"binary-expr","locations":[{"start":{"line":2,"column":8},"end":{"line":2,"column":34}},{"start":{"line":2,"column":38},"end":{"line":2,"column":72}}],"line":2},"2":{"loc":{"start":{"line":4,"column":8},"end":{"line":4,"column":48}},"type":"if","locations":[{"start":{"line":4,"column":8},"end":{"line":4,"column":48}},{"start":{"line":4,"column":8},"end":{"line":4,"column":48}}],"line":4},"3":{"loc":{"start":{"line":6,"column":9},"end":{"line":8,"column":5}},"type":"if","locations":[{"start":{"line":6,"column":9},"end":{"line":8,"column":5}},{"start":{"line":6,"column":9},"end":{"line":8,"column":5}}],"line":6},"4":{"loc":{"start":{"line":6,"column":13},"end":{"line":6,"column":55}},"type":"binary-expr","locations":[{"start":{"line":6,"column":13},"end":{"line":6,"column":41}},{"start":{"line":6,"column":45},"end":{"line":6,"column":55}}],"line":6},"5":{"loc":{"start":{"line":18,"column":7},"end":{"line":18,"column":40}},"type":"binary-expr","locations":[{"start":{"line":18,"column":7},"end":{"line":18,"column":18}},{"start":{"line":18,"column":23},"end":{"line":18,"column":39}}],"line":18},"6":{"loc":{"start":{"line":22,"column":12},"end":{"line":24,"column":13}},"type":"if","locations":[{"start":{"line":22,"column":12},"end":{"line":24,"column":13}},{"start":{"line":22,"column":12},"end":{"line":24,"column":13}}],"line":22},"7":{"loc":{"start":{"line":26,"column":28},"end":{"line":26,"column":91}},"type":"cond-expr","locations":[{"start":{"line":26,"column":81},"end":{"line":26,"column":83}},{"start":{"line":26,"column":86},"end":{"line":26,"column":91}}],"line":26},"8":{"loc":{"start":{"line":26,"column":28},"end":{"line":26,"column":78}},"type":"binary-expr","locations":[{"start":{"line":26,"column":28},"end":{"line":26,"column":61}},{"start":{"line":26,"column":65},"end":{"line":26,"column":78}}],"line":26},"9":{"loc":{"start":{"line":27,"column":37},"end":{"line":27,"column":81}},"type":"binary-expr","locations":[{"start":{"line":27,"column":37},"end":{"line":27,"column":55}},{"start":{"line":27,"column":59},"end":{"line":27,"column":81}}],"line":27}},"s":{"0":2,"1":2,"2":2,"3":2,"4":0,"5":0,"6":0,"7":2,"8":2,"9":2,"10":2,"11":2,"12":2,"13":2,"14":15,"15":0,"16":15,"17":15,"18":15,"19":15,"20":15,"21":2,"22":15,"23":2,"24":2},"f":{"0":2,"1":2,"2":2,"3":2,"4":15,"5":15},"b":{"0":[2,0],"1":[2,2],"2":[0,2],"3":[0,0],"4":[0,0],"5":[2,2],"6":[0,15],"7":[5,10],"8":[15,15],"9":[15,14]},"inputSourceMap":null,"_coverageSchema":"1a1c01bbd47fc00a2c39e90264f33305004495a9","hash":"0d452766271923c281c18821a88566a71f857517"}
}
