TN:
SF:build/byakugan.js
FN:1,(anonymous_0)
FN:9,(anonymous_1)
FN:14,(anonymous_2)
FN:15,Byakugan
FN:25,(anonymous_4)
FN:28,(anonymous_5)
FN:44,(anonymous_6)
FN:56,(anonymous_7)
FN:63,(anonymous_8)
FN:68,(anonymous_9)
FN:77,(anonymous_10)
FNF:11
FNH:11
FNDA:2,(anonymous_0)
FNDA:2,(anonymous_1)
FNDA:2,(anonymous_2)
FNDA:6,Byakugan
FNDA:80,(anonymous_4)
FNDA:5,(anonymous_5)
FNDA:42,(anonymous_6)
FNDA:2,(anonymous_7)
FNDA:18,(anonymous_8)
FNDA:2,(anonymous_9)
FNDA:2,(anonymous_10)
DA:1,2
DA:2,2
DA:3,2
DA:4,2
DA:6,0
DA:7,0
DA:11,2
DA:12,2
DA:13,2
DA:14,2
DA:16,6
DA:17,6
DA:18,5
DA:19,5
DA:22,1
DA:25,2
DA:26,80
DA:28,2
DA:29,5
DA:30,20
DA:31,20
DA:32,80
DA:33,80
DA:34,80
DA:36,20
DA:38,5
DA:39,20
DA:40,80
DA:44,2
DA:45,42
DA:46,42
DA:47,42
DA:48,0
DA:50,42
DA:53,0
DA:56,2
DA:57,2
DA:58,8
DA:59,32
DA:63,2
DA:64,18
DA:65,18
DA:68,2
DA:69,2
DA:70,2
DA:71,2
DA:72,8
DA:73,8
DA:75,2
DA:77,2
DA:78,2
DA:79,2
DA:80,2
DA:81,2
DA:82,2
DA:83,2
DA:84,18
DA:85,18
DA:86,41
DA:87,18
DA:90,18
DA:91,2
DA:93,16
DA:94,16
DA:95,16
DA:96,16
DA:97,38
DA:98,38
DA:99,23
DA:100,23
DA:101,19
DA:102,19
DA:103,19
DA:104,19
DA:110,0
DA:112,2
DA:114,2
LF:77
LH:72
BRDA:2,0,0,2
BRDA:2,0,1,0
BRDA:2,1,0,2
BRDA:2,1,1,2
BRDA:4,2,0,0
BRDA:4,2,1,2
BRDA:6,3,0,0
BRDA:6,3,1,0
BRDA:6,4,0,0
BRDA:6,4,1,0
BRDA:47,5,0,0
BRDA:47,5,1,42
BRDA:64,6,0,18
BRDA:64,6,1,0
BRDA:65,7,0,18
BRDA:65,7,1,6
BRDA:86,8,0,18
BRDA:86,8,1,23
BRDA:86,9,0,41
BRDA:86,9,1,23
BRDA:90,10,0,2
BRDA:90,10,1,16
BRDA:98,11,0,23
BRDA:98,11,1,15
BRDA:98,12,0,38
BRDA:98,12,1,38
BRDA:100,13,0,19
BRDA:100,13,1,4
BRDA:100,14,0,23
BRDA:100,14,1,4
BRDA:103,15,0,19
BRDA:103,15,1,0
BRF:32
BRH:23
end_of_record
TN:
SF:build/index.js
FN:1,(anonymous_0)
FN:4,(anonymous_1)
FN:12,(anonymous_2)
FNF:3
FNH:3
FNDA:2,(anonymous_0)
FNDA:2,(anonymous_1)
FNDA:2,(anonymous_2)
DA:1,2
DA:2,2
DA:4,2
DA:5,2
DA:6,2
DA:7,2
DA:9,0
DA:10,0
DA:14,2
DA:15,2
LF:10
LH:8
BRDA:1,0,0,2
BRDA:1,0,1,2
BRDA:1,0,2,2
BRDA:2,1,0,2
BRDA:2,1,1,0
BRDA:2,2,0,2
BRDA:2,2,1,2
BRDA:5,3,0,2
BRDA:5,3,1,0
BRDA:5,4,0,2
BRDA:5,4,1,2
BRDA:7,5,0,2
BRDA:7,5,1,0
BRDA:9,6,0,0
BRDA:9,6,1,0
BRDA:9,7,0,0
BRDA:9,7,1,0
BRF:17
BRH:10
end_of_record
TN:
SF:build/components/errors.js
FN:1,(anonymous_0)
FN:2,(anonymous_1)
FN:4,(anonymous_2)
FN:5,(anonymous_3)
FN:8,(anonymous_4)
FN:10,__
FN:14,(anonymous_6)
FN:22,(anonymous_7)
FN:26,(anonymous_8)
FN:28,ErrorMessage
FN:31,(anonymous_10)
FN:35,(anonymous_11)
FNF:12
FNH:8
FNDA:2,(anonymous_0)
FNDA:2,(anonymous_1)
FNDA:0,(anonymous_2)
FNDA:0,(anonymous_3)
FNDA:2,(anonymous_4)
FNDA:2,__
FNDA:2,(anonymous_6)
FNDA:2,(anonymous_7)
FNDA:2,(anonymous_8)
FNDA:0,ErrorMessage
FNDA:1,(anonymous_10)
FNDA:0,(anonymous_11)
DA:1,2
DA:2,2
DA:3,2
DA:4,0
DA:5,0
DA:6,2
DA:8,2
DA:9,2
DA:10,2
DA:11,2
DA:14,2
DA:15,2
DA:16,2
DA:17,2
DA:19,0
DA:20,0
DA:24,2
DA:25,2
DA:26,2
DA:27,2
DA:29,0
DA:31,2
DA:32,1
DA:33,1
DA:35,2
DA:36,0
DA:37,0
DA:39,2
DA:41,2
LF:29
LH:22
BRDA:1,0,0,2
BRDA:1,0,1,2
BRDA:1,0,2,2
BRDA:3,1,0,2
BRDA:3,1,1,0
BRDA:3,1,2,0
BRDA:3,1,3,0
BRDA:5,2,0,0
BRDA:5,2,1,0
BRDA:11,3,0,0
BRDA:11,3,1,2
BRDA:15,4,0,2
BRDA:15,4,1,0
BRDA:15,5,0,2
BRDA:15,5,1,2
BRDA:17,6,0,0
BRDA:17,6,1,2
BRDA:19,7,0,0
BRDA:19,7,1,0
BRDA:19,8,0,0
BRDA:19,8,1,0
BRDA:29,9,0,0
BRDA:29,9,1,0
BRDA:29,9,2,0
BRF:24
BRH:9
end_of_record
TN:
SF:build/components/heuristics.js
FN:1,(anonymous_0)
FN:9,(anonymous_1)
FN:15,(anonymous_2)
FN:19,(anonymous_3)
FN:20,Heuristics
FN:22,(anonymous_5)
FN:25,(anonymous_6)
FN:30,(anonymous_7)
FN:45,(anonymous_8)
FN:54,(anonymous_9)
FNF:10
FNH:8
FNDA:2,(anonymous_0)
FNDA:2,(anonymous_1)
FNDA:2,(anonymous_2)
FNDA:2,(anonymous_3)
FNDA:6,Heuristics
FNDA:0,(anonymous_5)
FNDA:29,(anonymous_6)
FNDA:0,(anonymous_7)
FNDA:1,(anonymous_8)
FNDA:2,(anonymous_9)
DA:1,2
DA:2,2
DA:3,2
DA:4,2
DA:6,0
DA:7,0
DA:11,2
DA:12,2
DA:13,2
DA:15,2
DA:16,2
DA:17,2
DA:19,2
DA:21,6
DA:23,0
DA:26,29
DA:27,29
DA:28,29
DA:31,0
DA:32,0
DA:33,0
DA:36,6
DA:37,6
DA:38,6
DA:39,2
DA:40,1
DA:41,1
DA:45,2
DA:46,1
DA:47,1
DA:48,1
DA:50,1
DA:51,0
DA:54,2
DA:55,2
DA:56,2
DA:57,1
DA:58,1
DA:59,0
DA:62,1
DA:65,1
DA:66,0
DA:67,0
DA:68,0
DA:71,0
DA:75,2
DA:77,2
LF:47
LH:35
BRDA:2,0,0,2
BRDA:2,0,1,0
BRDA:2,1,0,2
BRDA:2,1,1,2
BRDA:4,2,0,0
BRDA:4,2,1,2
BRDA:6,3,0,0
BRDA:6,3,1,0
BRDA:6,4,0,0
BRDA:6,4,1,0
BRDA:18,5,0,2
BRDA:18,5,1,2
BRDA:38,6,0,2
BRDA:38,6,1,4
BRDA:40,7,0,1
BRDA:40,7,1,0
BRDA:47,8,0,1
BRDA:47,8,1,0
BRDA:50,9,0,0
BRDA:50,9,1,1
BRDA:56,10,0,1
BRDA:56,10,1,1
BRDA:58,11,0,0
BRDA:58,11,1,1
BRDA:65,12,0,0
BRDA:65,12,1,1
BRDA:67,13,0,0
BRDA:67,13,1,0
BRF:28
BRH:15
end_of_record
TN:
SF:build/components/node.js
FN:1,(anonymous_0)
FN:9,(anonymous_1)
FN:13,(anonymous_2)
FN:14,Node
FN:25,(anonymous_4)
FN:39,(anonymous_5)
FN:57,(anonymous_6)
FN:61,(anonymous_7)
FN:66,(anonymous_8)
FN:69,(anonymous_9)
FNF:10
FNH:10
FNDA:2,(anonymous_0)
FNDA:2,(anonymous_1)
FNDA:2,(anonymous_2)
FNDA:80,Node
FNDA:80,(anonymous_4)
FNDA:80,(anonymous_5)
FNDA:32,(anonymous_6)
FNDA:19,(anonymous_7)
FNDA:38,(anonymous_8)
FNDA:16,(anonymous_9)
DA:1,2
DA:2,2
DA:3,2
DA:4,2
DA:6,0
DA:7,0
DA:11,2
DA:12,2
DA:13,2
DA:15,80
DA:16,80
DA:17,80
DA:18,80
DA:19,80
DA:20,80
DA:21,80
DA:22,80
DA:23,80
DA:25,2
DA:26,80
DA:27,320
DA:28,320
DA:29,320
DA:30,320
DA:32,240
DA:33,240
DA:34,200
DA:39,2
DA:40,80
DA:46,80
DA:47,0
DA:53,0
DA:55,80
DA:57,2
DA:58,32
DA:59,32
DA:61,2
DA:62,19
DA:63,19
DA:64,19
DA:66,2
DA:67,38
DA:69,2
DA:70,16
DA:72,2
DA:74,2
LF:46
LH:42
BRDA:2,0,0,2
BRDA:2,0,1,0
BRDA:2,1,0,2
BRDA:2,1,1,2
BRDA:4,2,0,0
BRDA:4,2,1,2
BRDA:6,3,0,0
BRDA:6,3,1,0
BRDA:6,4,0,0
BRDA:6,4,1,0
BRDA:23,5,0,64
BRDA:23,5,1,16
BRDA:23,6,0,80
BRDA:23,6,1,80
BRDA:27,7,0,320
BRDA:27,7,1,0
BRDA:30,8,0,240
BRDA:30,8,1,80
BRDA:30,9,0,320
BRDA:30,9,1,300
BRDA:30,9,2,280
BRDA:30,9,3,260
BRDA:33,10,0,200
BRDA:33,10,1,40
BRDA:46,11,0,0
BRDA:46,11,1,80
BRF:26
BRH:18
end_of_record
TN:
SF:build/components/settings.js
FN:1,(anonymous_0)
FN:9,(anonymous_1)
FN:16,(anonymous_2)
FN:19,(anonymous_3)
FN:20,Settings
FN:31,(anonymous_5)
FNF:6
FNH:6
FNDA:2,(anonymous_0)
FNDA:2,(anonymous_1)
FNDA:2,(anonymous_2)
FNDA:2,(anonymous_3)
FNDA:6,Settings
FNDA:6,(anonymous_5)
DA:1,2
DA:2,2
DA:3,2
DA:4,2
DA:6,0
DA:7,0
DA:11,2
DA:12,2
DA:13,2
DA:14,2
DA:16,2
DA:17,2
DA:19,2
DA:22,6
DA:23,0
DA:25,6
DA:26,6
DA:27,6
DA:28,6
DA:29,6
DA:31,2
DA:32,6
DA:34,2
DA:36,2
LF:24
LH:21
BRDA:2,0,0,2
BRDA:2,0,1,0
BRDA:2,1,0,2
BRDA:2,1,1,2
BRDA:4,2,0,0
BRDA:4,2,1,2
BRDA:6,3,0,0
BRDA:6,3,1,0
BRDA:6,4,0,0
BRDA:6,4,1,0
BRDA:18,5,0,2
BRDA:18,5,1,2
BRDA:22,6,0,0
BRDA:22,6,1,6
BRDA:26,7,0,0
BRDA:26,7,1,6
BRDA:26,8,0,6
BRDA:26,8,1,6
BRDA:27,9,0,6
BRDA:27,9,1,5
BRF:20
BRH:12
end_of_record
