TN:
SF:build/byakugan.js
FN:1,(anonymous_0)
FN:9,(anonymous_1)
FN:14,(anonymous_2)
FN:15,Byakugan
FN:25,(anonymous_4)
FN:28,(anonymous_5)
FN:44,(anonymous_6)
FN:56,(anonymous_7)
FN:63,(anonymous_8)
FN:68,(anonymous_9)
FN:77,(anonymous_10)
FNF:11
FNH:11
FNDA:2,(anonymous_0)
FNDA:2,(anonymous_1)
FNDA:2,(anonymous_2)
FNDA:15,Byakugan
FNDA:260,(anonymous_4)
FNDA:14,(anonymous_5)
FNDA:239,(anonymous_6)
FNDA:11,(anonymous_7)
FNDA:99,(anonymous_8)
FNDA:6,(anonymous_9)
FNDA:11,(anonymous_10)
DA:1,2
DA:2,2
DA:3,2
DA:4,2
DA:6,0
DA:7,0
DA:11,2
DA:12,2
DA:13,2
DA:14,2
DA:16,15
DA:17,15
DA:18,14
DA:19,14
DA:22,1
DA:25,2
DA:26,260
DA:28,2
DA:29,14
DA:30,60
DA:31,60
DA:32,260
DA:33,260
DA:34,260
DA:36,60
DA:38,14
DA:39,60
DA:40,260
DA:44,2
DA:45,239
DA:46,239
DA:47,239
DA:48,123
DA:50,116
DA:53,0
DA:56,2
DA:57,11
DA:58,48
DA:59,212
DA:63,2
DA:64,99
DA:65,99
DA:68,2
DA:69,6
DA:70,6
DA:71,6
DA:72,42
DA:73,42
DA:75,6
DA:77,2
DA:78,11
DA:79,11
DA:80,11
DA:81,11
DA:82,11
DA:83,11
DA:84,99
DA:85,99
DA:86,183
DA:87,114
DA:90,99
DA:91,6
DA:93,93
DA:94,93
DA:95,93
DA:96,93
DA:97,224
DA:98,224
DA:99,129
DA:100,129
DA:101,110
DA:102,110
DA:103,110
DA:104,108
DA:110,5
DA:112,2
DA:114,2
LF:77
LH:74
BRDA:2,0,0,2
BRDA:2,0,1,0
BRDA:2,1,0,2
BRDA:2,1,1,2
BRDA:4,2,0,0
BRDA:4,2,1,2
BRDA:6,3,0,0
BRDA:6,3,1,0
BRDA:6,4,0,0
BRDA:6,4,1,0
BRDA:47,5,0,123
BRDA:47,5,1,116
BRDA:64,6,0,99
BRDA:64,6,1,0
BRDA:65,7,0,99
BRDA:65,7,1,17
BRDA:86,8,0,114
BRDA:86,8,1,69
BRDA:86,9,0,183
BRDA:86,9,1,84
BRDA:90,10,0,6
BRDA:90,10,1,93
BRDA:98,11,0,129
BRDA:98,11,1,95
BRDA:98,12,0,224
BRDA:98,12,1,224
BRDA:100,13,0,110
BRDA:100,13,1,19
BRDA:100,14,0,129
BRDA:100,14,1,21
BRDA:103,15,0,108
BRDA:103,15,1,2
BRF:32
BRH:25
end_of_record
TN:
SF:build/index.js
FN:1,(anonymous_0)
FN:4,(anonymous_1)
FN:12,(anonymous_2)
FNF:3
FNH:3
FNDA:2,(anonymous_0)
FNDA:2,(anonymous_1)
FNDA:2,(anonymous_2)
DA:1,2
DA:2,2
DA:4,2
DA:5,2
DA:6,2
DA:7,2
DA:9,0
DA:10,0
DA:14,2
DA:15,2
LF:10
LH:8
BRDA:1,0,0,2
BRDA:1,0,1,2
BRDA:1,0,2,2
BRDA:2,1,0,2
BRDA:2,1,1,0
BRDA:2,2,0,2
BRDA:2,2,1,2
BRDA:5,3,0,2
BRDA:5,3,1,0
BRDA:5,4,0,2
BRDA:5,4,1,2
BRDA:7,5,0,2
BRDA:7,5,1,0
BRDA:9,6,0,0
BRDA:9,6,1,0
BRDA:9,7,0,0
BRDA:9,7,1,0
BRF:17
BRH:10
end_of_record
TN:
SF:build/components/errors.js
FN:1,(anonymous_0)
FN:2,(anonymous_1)
FN:4,(anonymous_2)
FN:5,(anonymous_3)
FN:8,(anonymous_4)
FN:10,__
FN:14,(anonymous_6)
FN:22,(anonymous_7)
FN:26,(anonymous_8)
FN:28,ErrorMessage
FN:31,(anonymous_10)
FN:35,(anonymous_11)
FNF:12
FNH:8
FNDA:2,(anonymous_0)
FNDA:2,(anonymous_1)
FNDA:0,(anonymous_2)
FNDA:0,(anonymous_3)
FNDA:2,(anonymous_4)
FNDA:2,__
FNDA:2,(anonymous_6)
FNDA:2,(anonymous_7)
FNDA:2,(anonymous_8)
FNDA:0,ErrorMessage
FNDA:1,(anonymous_10)
FNDA:0,(anonymous_11)
DA:1,2
DA:2,2
DA:3,2
DA:4,0
DA:5,0
DA:6,2
DA:8,2
DA:9,2
DA:10,2
DA:11,2
DA:14,2
DA:15,2
DA:16,2
DA:17,2
DA:19,0
DA:20,0
DA:24,2
DA:25,2
DA:26,2
DA:27,2
DA:29,0
DA:31,2
DA:32,1
DA:33,1
DA:35,2
DA:36,0
DA:37,0
DA:39,2
DA:41,2
LF:29
LH:22
BRDA:1,0,0,2
BRDA:1,0,1,2
BRDA:1,0,2,2
BRDA:3,1,0,2
BRDA:3,1,1,0
BRDA:3,1,2,0
BRDA:3,1,3,0
BRDA:5,2,0,0
BRDA:5,2,1,0
BRDA:11,3,0,0
BRDA:11,3,1,2
BRDA:15,4,0,2
BRDA:15,4,1,0
BRDA:15,5,0,2
BRDA:15,5,1,2
BRDA:17,6,0,0
BRDA:17,6,1,2
BRDA:19,7,0,0
BRDA:19,7,1,0
BRDA:19,8,0,0
BRDA:19,8,1,0
BRDA:29,9,0,0
BRDA:29,9,1,0
BRDA:29,9,2,0
BRF:24
BRH:9
end_of_record
TN:
SF:build/components/heuristics.js
FN:1,(anonymous_0)
FN:9,(anonymous_1)
FN:15,(anonymous_2)
FN:19,(anonymous_3)
FN:20,Heuristics
FN:22,(anonymous_5)
FN:25,(anonymous_6)
FN:30,(anonymous_7)
FN:45,(anonymous_8)
FN:54,(anonymous_9)
FNF:10
FNH:9
FNDA:2,(anonymous_0)
FNDA:2,(anonymous_1)
FNDA:2,(anonymous_2)
FNDA:2,(anonymous_3)
FNDA:15,Heuristics
FNDA:0,(anonymous_5)
FNDA:103,(anonymous_6)
FNDA:123,(anonymous_7)
FNDA:1,(anonymous_8)
FNDA:2,(anonymous_9)
DA:1,2
DA:2,2
DA:3,2
DA:4,2
DA:6,0
DA:7,0
DA:11,2
DA:12,2
DA:13,2
DA:15,2
DA:16,2
DA:17,2
DA:19,2
DA:21,15
DA:23,0
DA:26,103
DA:27,103
DA:28,103
DA:31,123
DA:32,123
DA:33,123
DA:36,15
DA:37,15
DA:38,15
DA:39,2
DA:40,1
DA:41,1
DA:45,2
DA:46,1
DA:47,1
DA:48,1
DA:50,1
DA:51,0
DA:54,2
DA:55,2
DA:56,2
DA:57,1
DA:58,1
DA:59,0
DA:62,1
DA:65,1
DA:66,0
DA:67,0
DA:68,0
DA:71,0
DA:75,2
DA:77,2
LF:47
LH:38
BRDA:2,0,0,2
BRDA:2,0,1,0
BRDA:2,1,0,2
BRDA:2,1,1,2
BRDA:4,2,0,0
BRDA:4,2,1,2
BRDA:6,3,0,0
BRDA:6,3,1,0
BRDA:6,4,0,0
BRDA:6,4,1,0
BRDA:18,5,0,2
BRDA:18,5,1,2
BRDA:38,6,0,2
BRDA:38,6,1,13
BRDA:40,7,0,1
BRDA:40,7,1,0
BRDA:47,8,0,1
BRDA:47,8,1,0
BRDA:50,9,0,0
BRDA:50,9,1,1
BRDA:56,10,0,1
BRDA:56,10,1,1
BRDA:58,11,0,0
BRDA:58,11,1,1
BRDA:65,12,0,0
BRDA:65,12,1,1
BRDA:67,13,0,0
BRDA:67,13,1,0
BRF:28
BRH:15
end_of_record
TN:
SF:build/components/node.js
FN:1,(anonymous_0)
FN:9,(anonymous_1)
FN:13,(anonymous_2)
FN:14,Node
FN:25,(anonymous_4)
FN:39,(anonymous_5)
FN:57,(anonymous_6)
FN:61,(anonymous_7)
FN:66,(anonymous_8)
FN:69,(anonymous_9)
FNF:10
FNH:10
FNDA:2,(anonymous_0)
FNDA:2,(anonymous_1)
FNDA:2,(anonymous_2)
FNDA:260,Node
FNDA:260,(anonymous_4)
FNDA:260,(anonymous_5)
FNDA:212,(anonymous_6)
FNDA:110,(anonymous_7)
FNDA:224,(anonymous_8)
FNDA:16,(anonymous_9)
DA:1,2
DA:2,2
DA:3,2
DA:4,2
DA:6,0
DA:7,0
DA:11,2
DA:12,2
DA:13,2
DA:15,260
DA:16,260
DA:17,260
DA:18,260
DA:19,260
DA:20,260
DA:21,260
DA:22,260
DA:23,260
DA:25,2
DA:26,260
DA:27,1432
DA:28,1432
DA:29,1432
DA:30,1432
DA:32,1036
DA:33,1036
DA:34,700
DA:39,2
DA:40,260
DA:46,260
DA:47,98
DA:53,98
DA:55,260
DA:57,2
DA:58,212
DA:59,212
DA:61,2
DA:62,110
DA:63,110
DA:64,110
DA:66,2
DA:67,224
DA:69,2
DA:70,16
DA:72,2
DA:74,2
LF:46
LH:44
BRDA:2,0,0,2
BRDA:2,0,1,0
BRDA:2,1,0,2
BRDA:2,1,1,2
BRDA:4,2,0,0
BRDA:4,2,1,2
BRDA:6,3,0,0
BRDA:6,3,1,0
BRDA:6,4,0,0
BRDA:6,4,1,0
BRDA:23,5,0,244
BRDA:23,5,1,16
BRDA:23,6,0,260
BRDA:23,6,1,260
BRDA:27,7,0,1432
BRDA:27,7,1,0
BRDA:30,8,0,1036
BRDA:30,8,1,396
BRDA:30,9,0,1432
BRDA:30,9,1,1328
BRDA:30,9,2,1224
BRDA:30,9,3,1130
BRDA:33,10,0,700
BRDA:33,10,1,336
BRDA:46,11,0,98
BRDA:46,11,1,162
BRF:26
BRH:19
end_of_record
TN:
SF:build/components/settings.js
FN:1,(anonymous_0)
FN:9,(anonymous_1)
FN:16,(anonymous_2)
FN:19,(anonymous_3)
FN:20,Settings
FN:31,(anonymous_5)
FNF:6
FNH:6
FNDA:2,(anonymous_0)
FNDA:2,(anonymous_1)
FNDA:2,(anonymous_2)
FNDA:2,(anonymous_3)
FNDA:15,Settings
FNDA:15,(anonymous_5)
DA:1,2
DA:2,2
DA:3,2
DA:4,2
DA:6,0
DA:7,0
DA:11,2
DA:12,2
DA:13,2
DA:14,2
DA:16,2
DA:17,2
DA:19,2
DA:22,15
DA:23,0
DA:25,15
DA:26,15
DA:27,15
DA:28,15
DA:29,15
DA:31,2
DA:32,15
DA:34,2
DA:36,2
LF:24
LH:21
BRDA:2,0,0,2
BRDA:2,0,1,0
BRDA:2,1,0,2
BRDA:2,1,1,2
BRDA:4,2,0,0
BRDA:4,2,1,2
BRDA:6,3,0,0
BRDA:6,3,1,0
BRDA:6,4,0,0
BRDA:6,4,1,0
BRDA:18,5,0,2
BRDA:18,5,1,2
BRDA:22,6,0,0
BRDA:22,6,1,15
BRDA:26,7,0,5
BRDA:26,7,1,10
BRDA:26,8,0,15
BRDA:26,8,1,15
BRDA:27,9,0,15
BRDA:27,9,1,14
BRF:20
BRH:13
end_of_record
